{"/workspace/learn-typescript/app/app.ts": {"path":"/workspace/learn-typescript/app/app.ts","statementMap":{"0":{"start":{"line":3,"column":0},"end":{"line":3,"column":33}},"1":{"start":{"line":4,"column":0},"end":{"line":4,"column":29}},"2":{"start":{"line":5,"column":0},"end":{"line":5,"column":39}},"3":{"start":{"line":10,"column":0},"end":{"line":19,"column":3}},"4":{"start":{"line":11,"column":25},"end":{"line":11,"column":37}},"5":{"start":{"line":12,"column":2},"end":{"line":12,"column":50}},"6":{"start":{"line":14,"column":31},"end":{"line":14,"column":74}},"7":{"start":{"line":15,"column":25},"end":{"line":15,"column":62}},"8":{"start":{"line":17,"column":2},"end":{"line":17,"column":51}},"9":{"start":{"line":18,"column":2},"end":{"line":18,"column":24}},"10":{"start":{"line":22,"column":0},"end":{"line":24,"column":3}},"11":{"start":{"line":23,"column":2},"end":{"line":23,"column":27}}},"fnMap":{"0":{"name":"(anonymous_6)","decl":{"start":{"line":10,"column":64},"end":{"line":10,"column":67}},"loc":{"start":{"line":10,"column":69},"end":{"line":19,"column":1}}},"1":{"name":"(anonymous_7)","decl":{"start":{"line":22,"column":64},"end":{"line":22,"column":67}},"loc":{"start":{"line":22,"column":69},"end":{"line":24,"column":1}}}},"branchMap":{},"s":{"0":0,"1":0,"2":0,"3":0,"4":0,"5":0,"6":0,"7":0,"8":0,"9":0,"10":0,"11":0},"f":{"0":0,"1":0},"b":{}}
,"/workspace/learn-typescript/app/game.ts": {"path":"/workspace/learn-typescript/app/game.ts","statementMap":{"0":{"start":{"line":1,"column":0},"end":{"line":1,"column":40}},"1":{"start":{"line":4,"column":0},"end":{"line":4,"column":42}},"2":{"start":{"line":10,"column":23},"end":{"line":10,"column":37}},"3":{"start":{"line":10,"column":45},"end":{"line":10,"column":65}},"4":{"start":{"line":10,"column":73},"end":{"line":10,"column":87}},"5":{"start":{"line":7,"column":12},"end":{"line":7,"column":55}},"6":{"start":{"line":17,"column":30},"end":{"line":17,"column":32}},"7":{"start":{"line":18,"column":7},"end":{"line":24,"column":null}},"8":{"start":{"line":18,"column":20},"end":{"line":18,"column":21}},"9":{"start":{"line":19,"column":9},"end":{"line":19,"column":48}},"10":{"start":{"line":20,"column":9},"end":{"line":20,"column":84}},"11":{"start":{"line":21,"column":9},"end":{"line":21,"column":69}},"12":{"start":{"line":22,"column":9},"end":{"line":22,"column":124}},"13":{"start":{"line":23,"column":9},"end":{"line":23,"column":30}},"14":{"start":{"line":27,"column":40},"end":{"line":27,"column":72}},"15":{"start":{"line":28,"column":7},"end":{"line":28,"column":40}},"16":{"start":{"line":31,"column":7},"end":{"line":31,"column":73}},"17":{"start":{"line":36,"column":28},"end":{"line":36,"column":29}},"18":{"start":{"line":39,"column":8},"end":{"line":44,"column":null}},"19":{"start":{"line":39,"column":21},"end":{"line":39,"column":22}},"20":{"start":{"line":40,"column":33},"end":{"line":40,"column":74}},"21":{"start":{"line":41,"column":10},"end":{"line":43,"column":null}},"22":{"start":{"line":42,"column":12},"end":{"line":42,"column":20}},"23":{"start":{"line":47,"column":31},"end":{"line":52,"column":10}},"24":{"start":{"line":55,"column":8},"end":{"line":55,"column":43}},"25":{"start":{"line":56,"column":8},"end":{"line":56,"column":44}},"26":{"start":{"line":59,"column":8},"end":{"line":59,"column":79}},"27":{"start":{"line":6,"column":0},"end":{"line":6,"column":13}}},"fnMap":{"0":{"name":"(anonymous_6)","decl":{"start":{"line":10,"column":4},"end":{"line":10,"column":23}},"loc":{"start":{"line":10,"column":87},"end":{"line":12,"column":5}}},"1":{"name":"(anonymous_7)","decl":{"start":{"line":14,"column":4},"end":{"line":14,"column":15}},"loc":{"start":{"line":14,"column":15},"end":{"line":32,"column":5}}},"2":{"name":"(anonymous_8)","decl":{"start":{"line":34,"column":4},"end":{"line":34,"column":18}},"loc":{"start":{"line":34,"column":18},"end":{"line":60,"column":7}}}},"branchMap":{"0":{"loc":{"start":{"line":41,"column":10},"end":{"line":43,"column":null}},"type":"if","locations":[{"start":{"line":41,"column":10},"end":{"line":43,"column":null}}]}},"s":{"0":1,"1":1,"2":14,"3":14,"4":14,"5":14,"6":4,"7":4,"8":4,"9":15,"10":15,"11":15,"12":15,"13":15,"14":4,"15":4,"16":4,"17":6,"18":6,"19":6,"20":30,"21":30,"22":14,"23":6,"24":6,"25":6,"26":6,"27":1},"f":{"0":14,"1":4,"2":6},"b":{"0":[14]}}
,"/workspace/learn-typescript/app/player.ts": {"path":"/workspace/learn-typescript/app/player.ts","statementMap":{"0":{"start":{"line":8,"column":8},"end":{"line":8,"column":39}},"1":{"start":{"line":3,"column":0},"end":{"line":3,"column":13}}},"fnMap":{"0":{"name":"(anonymous_0)","decl":{"start":{"line":7,"column":4},"end":{"line":7,"column":14}},"loc":{"start":{"line":7,"column":14},"end":{"line":9,"column":5}}}},"branchMap":{},"s":{"0":6,"1":2},"f":{"0":6},"b":{}}
,"/workspace/learn-typescript/app/scoreboard.ts": {"path":"/workspace/learn-typescript/app/scoreboard.ts","statementMap":{"0":{"start":{"line":2,"column":0},"end":{"line":2,"column":27}},"1":{"start":{"line":5,"column":12},"end":{"line":5,"column":36}},"2":{"start":{"line":8,"column":8},"end":{"line":8,"column":38}},"3":{"start":{"line":9,"column":31},"end":{"line":9,"column":64}},"4":{"start":{"line":10,"column":8},"end":{"line":10,"column":null}},"5":{"start":{"line":14,"column":29},"end":{"line":14,"column":50}},"6":{"start":{"line":16,"column":8},"end":{"line":21,"column":null}},"7":{"start":{"line":16,"column":20},"end":{"line":16,"column":21}},"8":{"start":{"line":17,"column":35},"end":{"line":17,"column":51}},"9":{"start":{"line":18,"column":12},"end":{"line":18,"column":29}},"10":{"start":{"line":19,"column":12},"end":{"line":19,"column":123}},"11":{"start":{"line":20,"column":12},"end":{"line":20,"column":30}},"12":{"start":{"line":23,"column":42},"end":{"line":23,"column":76}},"13":{"start":{"line":24,"column":8},"end":{"line":24,"column":40}},"14":{"start":{"line":4,"column":0},"end":{"line":4,"column":13}}},"fnMap":{"0":{"name":"(anonymous_6)","decl":{"start":{"line":4,"column":0},"end":{"line":4,"column":13}},"loc":{"start":{"line":4,"column":0},"end":{"line":26,"column":1}}},"1":{"name":"(anonymous_7)","decl":{"start":{"line":7,"column":4},"end":{"line":7,"column":13}},"loc":{"start":{"line":7,"column":31},"end":{"line":11,"column":5}}},"2":{"name":"(anonymous_8)","decl":{"start":{"line":13,"column":4},"end":{"line":13,"column":20}},"loc":{"start":{"line":13,"column":20},"end":{"line":25,"column":5}}}},"branchMap":{},"s":{"0":2,"1":7,"2":8,"3":8,"4":8,"5":4,"6":4,"7":4,"8":4,"9":4,"10":4,"11":4,"12":4,"13":4,"14":2},"f":{"0":7,"1":8,"2":4},"b":{}}
,"/workspace/learn-typescript/app/utility.ts": {"path":"/workspace/learn-typescript/app/utility.ts","statementMap":{"0":{"start":{"line":2,"column":61},"end":{"line":2,"column":95}},"1":{"start":{"line":3,"column":4},"end":{"line":3,"column":30}},"2":{"start":{"line":6,"column":26},"end":{"line":6,"column":34}}},"fnMap":{"0":{"name":"getInputValue","decl":{"start":{"line":1,"column":9},"end":{"line":1,"column":22}},"loc":{"start":{"line":1,"column":40},"end":{"line":4,"column":1}}}},"branchMap":{},"s":{"0":4,"1":4,"2":1},"f":{"0":4},"b":{}}
}
