TN:
SF:app/app.ts
FN:10,(anonymous_6)
FN:22,(anonymous_7)
FNF:2
FNH:0
FNDA:0,(anonymous_6)
FNDA:0,(anonymous_7)
DA:3,0
DA:4,0
DA:5,0
DA:10,0
DA:11,0
DA:12,0
DA:14,0
DA:15,0
DA:17,0
DA:18,0
DA:22,0
DA:23,0
LF:12
LH:0
BRF:0
BRH:0
end_of_record
TN:
SF:app/game.ts
FN:10,(anonymous_6)
FN:14,(anonymous_7)
FN:34,(anonymous_8)
FNF:3
FNH:3
FNDA:14,(anonymous_6)
FNDA:4,(anonymous_7)
FNDA:6,(anonymous_8)
DA:1,1
DA:4,1
DA:6,1
DA:7,14
DA:10,14
DA:17,4
DA:18,4
DA:19,15
DA:20,15
DA:21,15
DA:22,15
DA:23,15
DA:27,4
DA:28,4
DA:31,4
DA:36,6
DA:39,6
DA:40,30
DA:41,30
DA:42,14
DA:47,6
DA:55,6
DA:56,6
DA:59,6
LF:24
LH:24
BRDA:41,0,0,14
BRF:1
BRH:1
end_of_record
TN:
SF:app/player.ts
FN:7,(anonymous_0)
FNF:1
FNH:1
FNDA:6,(anonymous_0)
DA:3,2
DA:8,6
LF:2
LH:2
BRF:0
BRH:0
end_of_record
TN:
SF:app/scoreboard.ts
FN:4,(anonymous_6)
FN:7,(anonymous_7)
FN:13,(anonymous_8)
FNF:3
FNH:3
FNDA:7,(anonymous_6)
FNDA:8,(anonymous_7)
FNDA:4,(anonymous_8)
DA:2,2
DA:4,2
DA:5,7
DA:8,8
DA:9,8
DA:10,8
DA:14,4
DA:16,4
DA:17,4
DA:18,4
DA:19,4
DA:20,4
DA:23,4
DA:24,4
LF:14
LH:14
BRF:0
BRH:0
end_of_record
TN:
SF:app/utility.ts
FN:1,getInputValue
FNF:1
FNH:1
FNDA:4,getInputValue
DA:2,4
DA:3,4
DA:6,1
LF:3
LH:3
BRF:0
BRH:0
end_of_record
